Using pre-set license

 COMMAND LINE ARGUMENTS:
/Applications/Unity/Hub/Editor/2020.3.0f1/Unity.app/Contents/MacOS/Unity
-adb2
-batchMode
-noUpm
-name
AssetImportWorker0
-projectPath
/Users/alessioantonucci/pane schiacciato al muro
-logFile
Logs/AssetImportWorker0.log
-srvPort
55848
Successfully changed project path to: /Users/alessioantonucci/pane schiacciato al muro
/Users/alessioantonucci/pane schiacciato al muro
Using Asset Import Pipeline V2.
Refreshing native plugins compatible for Editor in 68.57 ms, found 4 plugins.
Preloading 0 native plugins for Editor in 0.00 ms.
Initialize engine version: 2020.3.0f1 (c7b5465681fb)
[Subsystems] Discovering subsystems at path /Applications/Unity/Hub/Editor/2020.3.0f1/Unity.app/Contents/Resources/UnitySubsystems
[Subsystems] Discovering subsystems at path /Users/alessioantonucci/pane schiacciato al muro/Assets
GfxDevice: creating device client; threaded=0
2021-03-29 23:48:20.976 Unity[19212:593819] iMac preferred device: AMD Radeon Pro 580X (high power)
2021-03-29 23:48:20.976 Unity[19212:593819] Metal devices available: 1
2021-03-29 23:48:20.976 Unity[19212:593819] 0: AMD Radeon Pro 580X (high power)
2021-03-29 23:48:20.976 Unity[19212:593819] Using device AMD Radeon Pro 580X (high power)
Initializing Metal device caps: AMD Radeon Pro 580X
Initialize mono
Mono path[0] = '/Applications/Unity/Hub/Editor/2020.3.0f1/Unity.app/Contents/Managed'
Mono path[1] = '/Applications/Unity/Hub/Editor/2020.3.0f1/Unity.app/Contents/MonoBleedingEdge/lib/mono/unityjit'
Mono config path = '/Applications/Unity/Hub/Editor/2020.3.0f1/Unity.app/Contents/MonoBleedingEdge/etc'
Using monoOptions --debugger-agent=transport=dt_socket,embedding=1,server=y,suspend=n,address=127.0.0.1:56212
Begin MonoManager ReloadAssembly
Registering precompiled unity dll's ...
Register platform support module: /Applications/Unity/Hub/Editor/2020.3.0f1/Unity.app/Contents/PlaybackEngines/MacStandaloneSupport/UnityEditor.OSXStandalone.Extensions.dll
Register platform support module: /Applications/Unity/Hub/Editor/2020.3.0f1/PlaybackEngines/WindowsStandaloneSupport/UnityEditor.WindowsStandalone.Extensions.dll
Registered in 0.007963 seconds.
Native extension for WindowsStandalone target not found
Native extension for OSXStandalone target not found
Refreshing native plugins compatible for Editor in 34.76 ms, found 4 plugins.
Preloading 0 native plugins for Editor in 0.00 ms.
Invoked RoslynAnalysisRunner static constructor.
RoslynAnalysisRunner will not be running.
RoslynAnalysisRunner has terminated.
Mono: successfully reloaded assembly
- Completed reload, in  2.531 seconds
Platform modules already initialized, skipping
Registering precompiled user dll's ...
Registered in 0.012524 seconds.
Begin MonoManager ReloadAssembly
Native extension for WindowsStandalone target not found
Native extension for OSXStandalone target not found
Refreshing native plugins compatible for Editor in 38.87 ms, found 4 plugins.
Preloading 0 native plugins for Editor in 0.00 ms.
Invoked RoslynAnalysisRunner static constructor.
RoslynAnalysisRunner will not be running.
RoslynAnalysisRunner has terminated.
Mono: successfully reloaded assembly
- Completed reload, in  1.089 seconds
Platform modules already initialized, skipping
========================================================================
Worker process is ready to serve import requests
Launching external process: /Applications/Unity/Hub/Editor/2020.3.0f1/Unity.app/Contents/Tools/UnityShaderCompiler
Launched and connected shader compiler UnityShaderCompiler after 0.01 seconds
Refreshing native plugins compatible for Editor in 0.81 ms, found 4 plugins.
Preloading 0 native plugins for Editor in 0.00 ms.
Unloading 2015 Unused Serialized files (Serialized files now loaded: 0)
System memory in use before: 159.0 MB.
System memory in use after: 159.1 MB.

Unloading 124 unused Assets to reduce memory usage. Loaded Objects now: 2388.
Total: 2.226245 ms (FindLiveObjects: 0.226781 ms CreateObjectMapping: 0.083165 ms MarkObjects: 1.846770 ms  DeleteObjects: 0.068644 ms)

========================================================================
Received Import Request.
  path: Assets/grafica/sfondi/sfondo camera.svg
  artifactKey: Guid(cac5b6ec29d7247b2b59521e9898f1fd) Importer(815301076,1909f56bfc062723c751e8b465ee728b)
Start importing Assets/grafica/sfondi/sfondo camera.svg using Guid(cac5b6ec29d7247b2b59521e9898f1fd) Importer(815301076,1909f56bfc062723c751e8b465ee728b)  -> (artifact id: '3d97917a4bd2bb3fecfe07cd1daec06d') in 0.608840 seconds
  Import took 0.612494 seconds .

========================================================================
Received Import Request.
  Time since last request: 10.446489 seconds.
  path: Assets/GoogleMobileAds/Resources/GoogleMobileAdsSettings.asset
  artifactKey: Guid(fa2b75a6f39fe4721a6192a3dbede262) Importer(815301076,1909f56bfc062723c751e8b465ee728b)
Start importing Assets/GoogleMobileAds/Resources/GoogleMobileAdsSettings.asset using Guid(fa2b75a6f39fe4721a6192a3dbede262) Importer(815301076,1909f56bfc062723c751e8b465ee728b)  -> (artifact id: '5ad48030549386458bcbb3427e6ff233') in 0.721234 seconds
  Import took 0.725135 seconds .

========================================================================
Received Import Request.
  Time since last request: 4.445712 seconds.
  path: Assets/GoogleMobileAds/Resources/GoogleMobileAdsSettings.asset
  artifactKey: Guid(fa2b75a6f39fe4721a6192a3dbede262) Importer(815301076,1909f56bfc062723c751e8b465ee728b)
Start importing Assets/GoogleMobileAds/Resources/GoogleMobileAdsSettings.asset using Guid(fa2b75a6f39fe4721a6192a3dbede262) Importer(815301076,1909f56bfc062723c751e8b465ee728b)  -> (artifact id: 'a50ce72a8e47ca4e22bd6d438ab78485') in 0.004371 seconds
  Import took 0.006991 seconds .

========================================================================
Received Import Request.
  Time since last request: 0.452671 seconds.
  path: Assets/GoogleMobileAds/Resources/GoogleMobileAdsSettings.asset
  artifactKey: Guid(fa2b75a6f39fe4721a6192a3dbede262) Importer(815301076,1909f56bfc062723c751e8b465ee728b)
Start importing Assets/GoogleMobileAds/Resources/GoogleMobileAdsSettings.asset using Guid(fa2b75a6f39fe4721a6192a3dbede262) Importer(815301076,1909f56bfc062723c751e8b465ee728b)  -> (artifact id: 'a50ce72a8e47ca4e22bd6d438ab78485') in 0.003549 seconds
  Import took 0.007995 seconds .

========================================================================
Received Import Request.
  Time since last request: 80.566917 seconds.
  path: Assets/GoogleMobileAds/Resources/GoogleMobileAdsSettings.asset
  artifactKey: Guid(fa2b75a6f39fe4721a6192a3dbede262) Importer(815301076,1909f56bfc062723c751e8b465ee728b)
Start importing Assets/GoogleMobileAds/Resources/GoogleMobileAdsSettings.asset using Guid(fa2b75a6f39fe4721a6192a3dbede262) Importer(815301076,1909f56bfc062723c751e8b465ee728b)  -> (artifact id: '377c444f248fb81d0dfe754fa4ae68a0') in 0.003141 seconds
  Import took 0.006021 seconds .

========================================================================
Received Import Request.
  Time since last request: 1713.666387 seconds.
  path: Assets/animazioni/Canvas.controller
  artifactKey: Guid(2e82f52e3e71d43fa979473433bab368) Importer(815301076,1909f56bfc062723c751e8b465ee728b)
Start importing Assets/animazioni/Canvas.controller using Guid(2e82f52e3e71d43fa979473433bab368) Importer(815301076,1909f56bfc062723c751e8b465ee728b)  -> (artifact id: '1a9c66b96e76ffe0688db5ba480ad21f') in 0.427954 seconds
  Import took 0.471494 seconds .

